# JRE version: Java(TM) SE Runtime Environment (8.0_60-b27) (build 1.8.0_60-b27)
# Java VM: Java HotSpot(TM) 64-Bit Server VM (25.60-b23 mixed mode windows-amd64 compressed oops)
Heap:
 PSYoungGen      total 147968K, used 101781K [0x00000000eab00000, 0x00000000f4880000, 0x0000000100000000)
  eden space 139776K, 71% used [0x00000000eab00000,0x00000000f0d2d620,0x00000000f3380000)
  from space 8192K, 15% used [0x00000000f3b80000,0x00000000f3cb8020,0x00000000f4380000)
  to   space 8192K, 0% used [0x00000000f3380000,0x00000000f3380000,0x00000000f3b80000)
 ParOldGen       total 38912K, used 11092K [0x00000000c0000000, 0x00000000c2600000, 0x00000000eab00000)
  object space 38912K, 28% used [0x00000000c0000000,0x00000000c0ad5150,0x00000000c2600000)
 Metaspace       used 29069K, capacity 29930K, committed 30080K, reserved 1075200K
  class space    used 3860K, capacity 4176K, committed 4224K, reserved 1048576K
GC Heap History (10 events):
Event: 5.903 GC heap before
{Heap before GC invocations=7 (full 1):
 PSYoungGen      total 72704K, used 4986K [0x00000000eab00000, 0x00000000efa00000, 0x0000000100000000)
  eden space 65536K, 0% used [0x00000000eab00000,0x00000000eab00000,0x00000000eeb00000)
  from space 7168K, 69% used [0x00000000ef300000,0x00000000ef7de9b8,0x00000000efa00000)
  to   space 7680K, 0% used [0x00000000eeb00000,0x00000000eeb00000,0x00000000ef280000)
 ParOldGen       total 44032K, used 9902K [0x00000000c0000000, 0x00000000c2b00000, 0x00000000eab00000)
  object space 44032K, 22% used [0x00000000c0000000,0x00000000c09abbb0,0x00000000c2b00000)
 Metaspace       used 20652K, capacity 21106K, committed 21248K, reserved 1067008K
  class space    used 2780K, capacity 2950K, committed 3072K, reserved 1048576K
Event: 6.068 GC heap after
Heap after GC invocations=7 (full 1):
 PSYoungGen      total 72704K, used 0K [0x00000000eab00000, 0x00000000efa00000, 0x0000000100000000)
  eden space 65536K, 0% used [0x00000000eab00000,0x00000000eab00000,0x00000000eeb00000)
  from space 7168K, 0% used [0x00000000ef300000,0x00000000ef300000,0x00000000efa00000)
  to   space 7680K, 0% used [0x00000000eeb00000,0x00000000eeb00000,0x00000000ef280000)
 ParOldGen       total 38912K, used 9788K [0x00000000c0000000, 0x00000000c2600000, 0x00000000eab00000)
  object space 38912K, 25% used [0x00000000c0000000,0x00000000c098f000,0x00000000c2600000)
 Metaspace       used 20652K, capacity 21106K, committed 21248K, reserved 1067008K
  class space    used 2780K, capacity 2950K, committed 3072K, reserved 1048576K
}
Event: 6.935 GC heap before
{Heap before GC invocations=8 (full 1):
 PSYoungGen      total 72704K, used 65536K [0x00000000eab00000, 0x00000000efa00000, 0x0000000100000000)
  eden space 65536K, 100% used [0x00000000eab00000,0x00000000eeb00000,0x00000000eeb00000)
  from space 7168K, 0% used [0x00000000ef300000,0x00000000ef300000,0x00000000efa00000)
  to   space 7680K, 0% used [0x00000000eeb00000,0x00000000eeb00000,0x00000000ef280000)
 ParOldGen       total 38912K, used 9788K [0x00000000c0000000, 0x00000000c2600000, 0x00000000eab00000)
  object space 38912K, 25% used [0x00000000c0000000,0x00000000c098f000,0x00000000c2600000)
 Metaspace       used 22155K, capacity 22680K, committed 22912K, reserved 1069056K
  class space    used 2933K, capacity 3111K, committed 3200K, reserved 1048576K
Event: 6.962 GC heap after
Heap after GC invocations=8 (full 1):
 PSYoungGen      total 73216K, used 1949K [0x00000000eab00000, 0x00000000f1e00000, 0x0000000100000000)
  eden space 65536K, 0% used [0x00000000eab00000,0x00000000eab00000,0x00000000eeb00000)
  from space 7680K, 25% used [0x00000000eeb00000,0x00000000eece7408,0x00000000ef280000)
  to   space 7680K, 0% used [0x00000000f1680000,0x00000000f1680000,0x00000000f1e00000)
 ParOldGen       total 38912K, used 9796K [0x00000000c0000000, 0x00000000c2600000, 0x00000000eab00000)
  object space 38912K, 25% used [0x00000000c0000000,0x00000000c0991000,0x00000000c2600000)
 Metaspace       used 22155K, capacity 22680K, committed 22912K, reserved 1069056K
  class space    used 2933K, capacity 3111K, committed 3200K, reserved 1048576K
}
Event: 7.570 GC heap before
{Heap before GC invocations=9 (full 1):
 PSYoungGen      total 73216K, used 67485K [0x00000000eab00000, 0x00000000f1e00000, 0x0000000100000000)
  eden space 65536K, 100% used [0x00000000eab00000,0x00000000eeb00000,0x00000000eeb00000)
  from space 7680K, 25% used [0x00000000eeb00000,0x00000000eece7408,0x00000000ef280000)
  to   space 7680K, 0% used [0x00000000f1680000,0x00000000f1680000,0x00000000f1e00000)
 ParOldGen       total 38912K, used 9796K [0x00000000c0000000, 0x00000000c2600000, 0x00000000eab00000)
  object space 38912K, 25% used [0x00000000c0000000,0x00000000c0991000,0x00000000c2600000)
 Metaspace       used 22155K, capacity 22680K, committed 22912K, reserved 1069056K
  class space    used 2933K, capacity 3111K, committed 3200K, reserved 1048576K
Event: 7.618 GC heap after
Heap after GC invocations=9 (full 1):
 PSYoungGen      total 109568K, used 1336K [0x00000000eab00000, 0x00000000f2280000, 0x0000000100000000)
  eden space 101888K, 0% used [0x00000000eab00000,0x00000000eab00000,0x00000000f0e80000)
  from space 7680K, 17% used [0x00000000f1680000,0x00000000f17ce110,0x00000000f1e00000)
  to   space 8192K, 0% used [0x00000000f0e80000,0x00000000f0e80000,0x00000000f1680000)
 ParOldGen       total 38912K, used 9796K [0x00000000c0000000, 0x00000000c2600000, 0x00000000eab00000)
  object space 38912K, 25% used [0x00000000c0000000,0x00000000c0991000,0x00000000c2600000)
 Metaspace       used 22155K, capacity 22680K, committed 22912K, reserved 1069056K
  class space    used 2933K, capacity 3111K, committed 3200K, reserved 1048576K
}
Event: 8.582 GC heap before
{Heap before GC invocations=10 (full 1):
 PSYoungGen      total 109568K, used 103224K [0x00000000eab00000, 0x00000000f2280000, 0x0000000100000000)
  eden space 101888K, 100% used [0x00000000eab00000,0x00000000f0e80000,0x00000000f0e80000)
  from space 7680K, 17% used [0x00000000f1680000,0x00000000f17ce110,0x00000000f1e00000)
  to   space 8192K, 0% used [0x00000000f0e80000,0x00000000f0e80000,0x00000000f1680000)
 ParOldGen       total 38912K, used 9796K [0x00000000c0000000, 0x00000000c2600000, 0x00000000eab00000)
  object space 38912K, 25% used [0x00000000c0000000,0x00000000c0991000,0x00000000c2600000)
 Metaspace       used 22182K, capacity 22744K, committed 22912K, reserved 1069056K
  class space    used 2935K, capacity 3111K, committed 3200K, reserved 1048576K
Event: 8.622 GC heap after
Heap after GC invocations=10 (full 1):
 PSYoungGen      total 110080K, used 1864K [0x00000000eab00000, 0x00000000f4380000, 0x0000000100000000)
  eden space 101888K, 0% used [0x00000000eab00000,0x00000000eab00000,0x00000000f0e80000)
  from space 8192K, 22% used [0x00000000f0e80000,0x00000000f1052100,0x00000000f1680000)
  to   space 8192K, 0% used [0x00000000f3b80000,0x00000000f3b80000,0x00000000f4380000)
 ParOldGen       total 38912K, used 9796K [0x00000000c0000000, 0x00000000c2600000, 0x00000000eab00000)
  object space 38912K, 25% used [0x00000000c0000000,0x00000000c0991000,0x00000000c2600000)
 Metaspace       used 22182K, capacity 22744K, committed 22912K, reserved 1069056K
  class space    used 2935K, capacity 3111K, committed 3200K, reserved 1048576K
}
Event: 9.743 GC heap before
{Heap before GC invocations=11 (full 1):
 PSYoungGen      total 110080K, used 103752K [0x00000000eab00000, 0x00000000f4380000, 0x0000000100000000)
  eden space 101888K, 100% used [0x00000000eab00000,0x00000000f0e80000,0x00000000f0e80000)
  from space 8192K, 22% used [0x00000000f0e80000,0x00000000f1052100,0x00000000f1680000)
  to   space 8192K, 0% used [0x00000000f3b80000,0x00000000f3b80000,0x00000000f4380000)
 ParOldGen       total 38912K, used 9796K [0x00000000c0000000, 0x00000000c2600000, 0x00000000eab00000)
  object space 38912K, 25% used [0x00000000c0000000,0x00000000c0991000,0x00000000c2600000)
 Metaspace       used 22186K, capacity 22744K, committed 22912K, reserved 1069056K
  class space    used 2935K, capacity 3111K, committed 3200K, reserved 1048576K
Event: 9.893 GC heap after
Heap after GC invocations=11 (full 1):
 PSYoungGen      total 147968K, used 1248K [0x00000000eab00000, 0x00000000f4880000, 0x0000000100000000)
  eden space 139776K, 0% used [0x00000000eab00000,0x00000000eab00000,0x00000000f3380000)
  from space 8192K, 15% used [0x00000000f3b80000,0x00000000f3cb8020,0x00000000f4380000)
  to   space 8192K, 0% used [0x00000000f3380000,0x00000000f3380000,0x00000000f3b80000)
 ParOldGen       total 38912K, used 11092K [0x00000000c0000000, 0x00000000c2600000, 0x00000000eab00000)
  object space 38912K, 28% used [0x00000000c0000000,0x00000000c0ad5150,0x00000000c2600000)
 Metaspace       used 22186K, capacity 22744K, committed 22912K, reserved 1069056K
  class space    used 2935K, capacity 3111K, committed 3200K, reserved 1048576K
}

